<?xml version="1.0" encoding="UTF-8"?>
<!-- Generated by org.testng.reporters.JUnitXMLReporter -->
<testsuite ignored="0" hostname="Navaneetha" failures="0" tests="4" name="Surefire test" time="0.073" errors="0" timestamp="2024-03-13T19:19:57 EDT">
  <testcase classname="xxx.AppiumTest" name="IOSApps" time="0.008"/>
  <testcase classname="xxx.AppiumTest" name="NativeAppAndroid" time="0.001"/>
  <testcase classname="xxx.SeleniumTest" name="BrowserAutomation" time="0.001"/>
  <testcase classname="xxx.SeleniumTest" name="elementsUI" time="0.0"/>
</testsuite> <!-- Surefire test -->
