<?xml version="1.0" encoding="UTF-8"?>
<!-- Generated by org.testng.reporters.JUnitXMLReporter -->
<testsuite ignored="0" hostname="Navaneetha" failures="0" tests="4" name="Test" time="0.104" errors="0" timestamp="2024-03-13T19:31:25 EDT">
  <testcase classname="xxx.SeleniumTest" name="BrowserAutomation" time="0.013"/>
  <testcase classname="xxx.SeleniumTest" name="elementsUI" time="0.001"/>
  <testcase classname="xxx.AppiumTest" name="IOSApps" time="0.007"/>
  <testcase classname="xxx.AppiumTest" name="NativeAppAndroid" time="0.002"/>
</testsuite> <!-- Test -->
