<?xml version="1.0" encoding="UTF-8"?>
<!-- Generated by org.testng.reporters.JUnitXMLReporter -->
<testsuite ignored="0" hostname="Navaneetha" failures="0" tests="6" name="Test" time="0.074" errors="0" timestamp="2024-03-13T19:39:36 EDT">
  <testcase classname="xxx.RESTAPITest" name="deleteTwitter" time="0.006"/>
  <testcase classname="xxx.RESTAPITest" name="postJira" time="0.001"/>
  <testcase classname="xxx.SeleniumTest" name="BrowserAutomation" time="0.0"/>
  <testcase classname="xxx.SeleniumTest" name="elementsUI" time="0.001"/>
  <testcase classname="xxx.AppiumTest" name="IOSApps" time="0.001"/>
  <testcase classname="xxx.AppiumTest" name="NativeAppAndroid" time="0.001"/>
</testsuite> <!-- Test -->
