<?xml version="1.0" encoding="UTF-8"?>
<testng-results ignored="0" total="6" passed="6" failed="0" skipped="0">
  <reporter-output>
  </reporter-output>
  <suite started-at="2024-03-13T19:39:36 EDT" name="Suite" finished-at="2024-03-13T19:39:36 EDT" duration-ms="74">
    <groups>
    </groups>
    <test started-at="2024-03-13T19:39:36 EDT" name="Test" finished-at="2024-03-13T19:39:36 EDT" duration-ms="74">
      <class name="xxx.RESTAPITest">
        <test-method signature="deleteTwitter()[pri:0, instance:xxx.RESTAPITest@1725dc0f]" started-at="2024-03-13T19:39:36 EDT" name="deleteTwitter" finished-at="2024-03-13T19:39:36 EDT" duration-ms="6" status="PASS">
          <reporter-output>
          </reporter-output>
        </test-method> <!-- deleteTwitter -->
        <test-method signature="postJira()[pri:0, instance:xxx.RESTAPITest@1725dc0f]" started-at="2024-03-13T19:39:36 EDT" name="postJira" finished-at="2024-03-13T19:39:36 EDT" duration-ms="1" status="PASS">
          <reporter-output>
          </reporter-output>
        </test-method> <!-- postJira -->
      </class> <!-- xxx.RESTAPITest -->
      <class name="xxx.AppiumTest">
        <test-method signature="IOSApps()[pri:0, instance:xxx.AppiumTest@72f926e6]" started-at="2024-03-13T19:39:36 EDT" name="IOSApps" finished-at="2024-03-13T19:39:36 EDT" duration-ms="1" status="PASS">
          <reporter-output>
          </reporter-output>
        </test-method> <!-- IOSApps -->
        <test-method signature="NativeAppAndroid()[pri:0, instance:xxx.AppiumTest@72f926e6]" started-at="2024-03-13T19:39:36 EDT" name="NativeAppAndroid" finished-at="2024-03-13T19:39:36 EDT" duration-ms="1" status="PASS">
          <reporter-output>
          </reporter-output>
        </test-method> <!-- NativeAppAndroid -->
      </class> <!-- xxx.AppiumTest -->
      <class name="xxx.SeleniumTest">
        <test-method signature="BrowserAutomation()[pri:0, instance:xxx.SeleniumTest@39529185]" started-at="2024-03-13T19:39:36 EDT" name="BrowserAutomation" finished-at="2024-03-13T19:39:36 EDT" duration-ms="0" status="PASS">
          <reporter-output>
          </reporter-output>
        </test-method> <!-- BrowserAutomation -->
        <test-method signature="elementsUI()[pri:0, instance:xxx.SeleniumTest@39529185]" started-at="2024-03-13T19:39:36 EDT" name="elementsUI" finished-at="2024-03-13T19:39:36 EDT" duration-ms="1" status="PASS">
          <reporter-output>
          </reporter-output>
        </test-method> <!-- elementsUI -->
      </class> <!-- xxx.SeleniumTest -->
    </test> <!-- Test -->
  </suite> <!-- Suite -->
</testng-results>
